============================== Prover9 ===============================
Prover9 (64) version 2017-11A (CIIRC), November 2017.
Process 59566 was started by dani on Ubuntu,
Tue Dec 30 00:30:03 2025
The command was "src/backend/prover9/Prover9/LADR-2009-11A/bin/prover9 -f src/backend/fol_inputs/prover9_2025-12-30T00-30-03_9fd267e6.in".
============================== end of head ===========================

============================== INPUT =================================

% Reading from file src/backend/fol_inputs/prover9_2025-12-30T00-30-03_9fd267e6.in

set(production).
    % set(production) -> set(raw).
    % set(raw) -> clear(auto).
    % clear(auto) -> clear(auto_inference).
    % clear(auto) -> clear(auto_setup).
    % clear(auto_setup) -> clear(predicate_elim).
    % clear(auto_setup) -> assign(eq_defs, pass).
    % clear(auto) -> clear(auto_limits).
    % clear(auto_limits) -> assign(max_weight, "1000000000000.000").
    % clear(auto_limits) -> assign(sos_limit, -1).
    % clear(auto) -> clear(auto_denials).
    % clear(auto) -> clear(auto_process).
    % set(raw) -> clear(ordered_res).
    % set(raw) -> clear(ordered_para).
    % set(raw) -> set(para_into_vars).
    % set(raw) -> set(para_from_small).
    % set(raw) -> clear(ordered_para).
    % set(raw) -> clear(back_demod).
    % set(raw) -> clear(cac_redundancy).
    % set(raw) -> assign(backsub_check, 2147483647).
    % set(raw) -> set(lightest_first).
    % set(lightest_first) -> assign(weight_part, 1).
    % set(lightest_first) -> assign(age_part, 0).
    % set(lightest_first) -> assign(false_part, 0).
    % set(lightest_first) -> assign(true_part, 0).
    % set(lightest_first) -> assign(random_part, 0).
    % set(raw) -> assign(literal_selection, none).
    % set(production) -> set(eval_rewrite).
    % set(production) -> set(hyper_resolution).
    % set(hyper_resolution) -> set(pos_hyper_resolution).
    % set(production) -> clear(back_subsume).

formulas(assumptions).
assign(max_weight,30).
assign(max_proofs,1).
assign(max_seconds,30).
assign(sos_limit,79).
connected(67,68,r60).
connected(68,64,r60).
connected(64,62,r60).
connected(62,61,r60).
connected(61,70,r60).
connected(70,65,r60).
connected(65,66,r60).
connected(66,69,r60).
connected(69,71,r60).
connected(71,63,r60).
connected(63,60,r60).
connected(60,48,r60).
connected(48,49,r60).
connected(49,47,r60).
connected(47,50,r60).
connected(50,57,r60).
connected(57,56,r60).
connected(56,58,r60).
connected(58,55,r60).
connected(55,59,r60).
connected(59,54,r60).
connected(54,45,r60).
connected(45,46,r22).
connected(46,43,r22).
connected(43,44,r22).
connected(44,40,r177).
connected(40,80,r177).
connected(80,41,r177).
connected(41,42,r177).
connected(42,52,r177).
connected(52,51,r177).
connected(51,53,r177).
connected(53,72,r177).
connected(72,73,r177).
connected(73,75,r177).
connected(75,74,r177).
connected(74,76,r177).
connected(76,78,r177).
connected(78,77,r177).
succ(0,1).
succ(1,2).
succ(2,3).
succ(3,4).
succ(4,5).
succ(5,6).
succ(6,7).
succ(7,8).
succ(8,9).
succ(9,10).
succ(10,11).
succ(11,12).
succ(12,13).
succ(13,14).
succ(14,15).
succ(15,16).
succ(16,17).
succ(17,18).
succ(18,19).
succ(19,20).
succ(20,21).
succ(21,22).
succ(22,23).
succ(23,24).
succ(24,25).
succ(25,26).
succ(26,27).
succ(27,28).
succ(28,29).
succ(29,30).
succ(30,31).
succ(31,32).
succ(32,33).
succ(33,34).
succ(34,35).
succ(35,36).
succ(36,37).
succ(37,38).
succ(38,39).
step(0,67).
uses(1,r60).
uses(2,r60).
uses(3,r60).
uses(4,r60).
uses(5,r60).
uses(6,r60).
uses(7,r60).
uses(8,r60).
uses(9,r60).
uses(10,r60).
uses(11,r60).
uses(12,r60).
uses(13,r60).
uses(14,r60).
uses(15,r60).
uses(16,r60).
uses(17,r60).
uses(18,r60).
uses(19,r60).
uses(20,r60).
uses(21,r60).
uses(22,r60).
uses(23,r22).
uses(24,r22).
uses(25,r22).
uses(26,r177).
uses(27,r177).
uses(28,r177).
uses(29,r177).
uses(30,r177).
uses(31,r177).
uses(32,r177).
uses(33,r177).
uses(34,r177).
uses(35,r177).
uses(36,r177).
uses(37,r177).
uses(38,r177).
uses(39,r177).
(all N all M all X all Y all R (step(N,X) & succ(N,M) & uses(M,R) & connected(X,Y,R) -> step(M,Y))).
end_of_list.

formulas(goals).
step(39,77).
end_of_list.

============================== end of input ==========================

============================== PROCESS NON-CLAUSAL FORMULAS ==========

% Formulas that are not ordinary clauses:
1 (all N all M all X all Y all R (step(N,X) & succ(N,M) & uses(M,R) & connected(X,Y,R) -> step(M,Y))) # label(non_clause).  [assumption].
2 step(39,77) # label(non_clause) # label(goal).  [goal].

============================== end of process non-clausal formulas ===

============================== PROCESS INITIAL CLAUSES ===============

% Clauses before input processing:

formulas(usable).
end_of_list.

formulas(sos).
assign(max_weight,30).  [assumption].
assign(max_proofs,1).  [assumption].
assign(max_seconds,30).  [assumption].
assign(sos_limit,79).  [assumption].
connected(67,68,r60).  [assumption].
connected(68,64,r60).  [assumption].
connected(64,62,r60).  [assumption].
connected(62,61,r60).  [assumption].
connected(61,70,r60).  [assumption].
connected(70,65,r60).  [assumption].
connected(65,66,r60).  [assumption].
connected(66,69,r60).  [assumption].
connected(69,71,r60).  [assumption].
connected(71,63,r60).  [assumption].
connected(63,60,r60).  [assumption].
connected(60,48,r60).  [assumption].
connected(48,49,r60).  [assumption].
connected(49,47,r60).  [assumption].
connected(47,50,r60).  [assumption].
connected(50,57,r60).  [assumption].
connected(57,56,r60).  [assumption].
connected(56,58,r60).  [assumption].
connected(58,55,r60).  [assumption].
connected(55,59,r60).  [assumption].
connected(59,54,r60).  [assumption].
connected(54,45,r60).  [assumption].
connected(45,46,r22).  [assumption].
connected(46,43,r22).  [assumption].
connected(43,44,r22).  [assumption].
connected(44,40,r177).  [assumption].
connected(40,80,r177).  [assumption].
connected(80,41,r177).  [assumption].
connected(41,42,r177).  [assumption].
connected(42,52,r177).  [assumption].
connected(52,51,r177).  [assumption].
connected(51,53,r177).  [assumption].
connected(53,72,r177).  [assumption].
connected(72,73,r177).  [assumption].
connected(73,75,r177).  [assumption].
connected(75,74,r177).  [assumption].
connected(74,76,r177).  [assumption].
connected(76,78,r177).  [assumption].
connected(78,77,r177).  [assumption].
succ(0,1).  [assumption].
succ(1,2).  [assumption].
succ(2,3).  [assumption].
succ(3,4).  [assumption].
succ(4,5).  [assumption].
succ(5,6).  [assumption].
succ(6,7).  [assumption].
succ(7,8).  [assumption].
succ(8,9).  [assumption].
succ(9,10).  [assumption].
succ(10,11).  [assumption].
succ(11,12).  [assumption].
succ(12,13).  [assumption].
succ(13,14).  [assumption].
succ(14,15).  [assumption].
succ(15,16).  [assumption].
succ(16,17).  [assumption].
succ(17,18).  [assumption].
succ(18,19).  [assumption].
succ(19,20).  [assumption].
succ(20,21).  [assumption].
succ(21,22).  [assumption].
succ(22,23).  [assumption].
succ(23,24).  [assumption].
succ(24,25).  [assumption].
succ(25,26).  [assumption].
succ(26,27).  [assumption].
succ(27,28).  [assumption].
succ(28,29).  [assumption].
succ(29,30).  [assumption].
succ(30,31).  [assumption].
succ(31,32).  [assumption].
succ(32,33).  [assumption].
succ(33,34).  [assumption].
succ(34,35).  [assumption].
succ(35,36).  [assumption].
succ(36,37).  [assumption].
succ(37,38).  [assumption].
succ(38,39).  [assumption].
step(0,67).  [assumption].
uses(1,r60).  [assumption].
uses(2,r60).  [assumption].
uses(3,r60).  [assumption].
uses(4,r60).  [assumption].
uses(5,r60).  [assumption].
uses(6,r60).  [assumption].
uses(7,r60).  [assumption].
uses(8,r60).  [assumption].
uses(9,r60).  [assumption].
uses(10,r60).  [assumption].
uses(11,r60).  [assumption].
uses(12,r60).  [assumption].
uses(13,r60).  [assumption].
uses(14,r60).  [assumption].
uses(15,r60).  [assumption].
uses(16,r60).  [assumption].
uses(17,r60).  [assumption].
uses(18,r60).  [assumption].
uses(19,r60).  [assumption].
uses(20,r60).  [assumption].
uses(21,r60).  [assumption].
uses(22,r60).  [assumption].
uses(23,r22).  [assumption].
uses(24,r22).  [assumption].
uses(25,r22).  [assumption].
uses(26,r177).  [assumption].
uses(27,r177).  [assumption].
uses(28,r177).  [assumption].
uses(29,r177).  [assumption].
uses(30,r177).  [assumption].
uses(31,r177).  [assumption].
uses(32,r177).  [assumption].
uses(33,r177).  [assumption].
uses(34,r177).  [assumption].
uses(35,r177).  [assumption].
uses(36,r177).  [assumption].
uses(37,r177).  [assumption].
uses(38,r177).  [assumption].
uses(39,r177).  [assumption].
-step(x,y) | -succ(x,z) | -uses(z,u) | -connected(y,w,u) | step(z,w).  [clausify(1)].
-step(39,77).  [deny(2)].
end_of_list.

formulas(demodulators).
end_of_list.

Term ordering decisions:
Predicate symbol precedence:  predicate_order([ succ, uses, assign, step, connected ]).
Function symbol precedence:  function_order([ r60, r177, r22, 30, 1, 10, 11, 12, 13, 14, 15, 16, 17, 18, 19, 2, 20, 21, 22, 23, 24, 25, 26, 27, 28, 29, 3, 31, 32, 33, 34, 35, 36, 37, 38, 4, 5, 6, 7, 8, 9, 0, 39, 40, 41, 42, 43, 44, 45, 46, 47, 48, 49, 50, 51, 52, 53, 54, 55, 56, 57, 58, 59, 60, 61, 62, 63, 64, 65, 66, 67, 68, 69, 70, 71, 72, 73, 74, 75, 76, 78, 80, 77, 79, max_proofs, max_seconds, max_weight, sos_limit ]).
After inverse_order:  (no changes).

kept:      3 assign(max_weight,30).  [assumption].
kept:      4 assign(max_proofs,1).  [assumption].
kept:      5 assign(max_seconds,30).  [assumption].
kept:      6 assign(sos_limit,79).  [assumption].
kept:      7 connected(67,68,r60).  [assumption].
kept:      8 connected(68,64,r60).  [assumption].
kept:      9 connected(64,62,r60).  [assumption].
kept:      10 connected(62,61,r60).  [assumption].
kept:      11 connected(61,70,r60).  [assumption].
kept:      12 connected(70,65,r60).  [assumption].
kept:      13 connected(65,66,r60).  [assumption].
kept:      14 connected(66,69,r60).  [assumption].
kept:      15 connected(69,71,r60).  [assumption].
kept:      16 connected(71,63,r60).  [assumption].
kept:      17 connected(63,60,r60).  [assumption].
kept:      18 connected(60,48,r60).  [assumption].
kept:      19 connected(48,49,r60).  [assumption].
kept:      20 connected(49,47,r60).  [assumption].
kept:      21 connected(47,50,r60).  [assumption].
kept:      22 connected(50,57,r60).  [assumption].
kept:      23 connected(57,56,r60).  [assumption].
kept:      24 connected(56,58,r60).  [assumption].
kept:      25 connected(58,55,r60).  [assumption].
kept:      26 connected(55,59,r60).  [assumption].
kept:      27 connected(59,54,r60).  [assumption].
kept:      28 connected(54,45,r60).  [assumption].
kept:      29 connected(45,46,r22).  [assumption].
kept:      30 connected(46,43,r22).  [assumption].
kept:      31 connected(43,44,r22).  [assumption].
kept:      32 connected(44,40,r177).  [assumption].
kept:      33 connected(40,80,r177).  [assumption].
kept:      34 connected(80,41,r177).  [assumption].
kept:      35 connected(41,42,r177).  [assumption].
kept:      36 connected(42,52,r177).  [assumption].
kept:      37 connected(52,51,r177).  [assumption].
kept:      38 connected(51,53,r177).  [assumption].
kept:      39 connected(53,72,r177).  [assumption].
kept:      40 connected(72,73,r177).  [assumption].
kept:      41 connected(73,75,r177).  [assumption].
kept:      42 connected(75,74,r177).  [assumption].
kept:      43 connected(74,76,r177).  [assumption].
kept:      44 connected(76,78,r177).  [assumption].
kept:      45 connected(78,77,r177).  [assumption].
kept:      46 succ(0,1).  [assumption].
kept:      47 succ(1,2).  [assumption].
kept:      48 succ(2,3).  [assumption].
kept:      49 succ(3,4).  [assumption].
kept:      50 succ(4,5).  [assumption].
kept:      51 succ(5,6).  [assumption].
kept:      52 succ(6,7).  [assumption].
kept:      53 succ(7,8).  [assumption].
kept:      54 succ(8,9).  [assumption].
kept:      55 succ(9,10).  [assumption].
kept:      56 succ(10,11).  [assumption].
kept:      57 succ(11,12).  [assumption].
kept:      58 succ(12,13).  [assumption].
kept:      59 succ(13,14).  [assumption].
kept:      60 succ(14,15).  [assumption].
kept:      61 succ(15,16).  [assumption].
kept:      62 succ(16,17).  [assumption].
kept:      63 succ(17,18).  [assumption].
kept:      64 succ(18,19).  [assumption].
kept:      65 succ(19,20).  [assumption].
kept:      66 succ(20,21).  [assumption].
kept:      67 succ(21,22).  [assumption].
kept:      68 succ(22,23).  [assumption].
kept:      69 succ(23,24).  [assumption].
kept:      70 succ(24,25).  [assumption].
kept:      71 succ(25,26).  [assumption].
kept:      72 succ(26,27).  [assumption].
kept:      73 succ(27,28).  [assumption].
kept:      74 succ(28,29).  [assumption].
kept:      75 succ(29,30).  [assumption].
kept:      76 succ(30,31).  [assumption].
kept:      77 succ(31,32).  [assumption].
kept:      78 succ(32,33).  [assumption].
kept:      79 succ(33,34).  [assumption].
kept:      80 succ(34,35).  [assumption].
kept:      81 succ(35,36).  [assumption].
kept:      82 succ(36,37).  [assumption].
kept:      83 succ(37,38).  [assumption].
kept:      84 succ(38,39).  [assumption].
kept:      85 step(0,67).  [assumption].
kept:      86 uses(1,r60).  [assumption].
kept:      87 uses(2,r60).  [assumption].
kept:      88 uses(3,r60).  [assumption].
kept:      89 uses(4,r60).  [assumption].
kept:      90 uses(5,r60).  [assumption].
kept:      91 uses(6,r60).  [assumption].
kept:      92 uses(7,r60).  [assumption].
kept:      93 uses(8,r60).  [assumption].
kept:      94 uses(9,r60).  [assumption].
kept:      95 uses(10,r60).  [assumption].
kept:      96 uses(11,r60).  [assumption].
kept:      97 uses(12,r60).  [assumption].
kept:      98 uses(13,r60).  [assumption].
kept:      99 uses(14,r60).  [assumption].
kept:      100 uses(15,r60).  [assumption].
kept:      101 uses(16,r60).  [assumption].
kept:      102 uses(17,r60).  [assumption].
kept:      103 uses(18,r60).  [assumption].
kept:      104 uses(19,r60).  [assumption].
kept:      105 uses(20,r60).  [assumption].
kept:      106 uses(21,r60).  [assumption].
kept:      107 uses(22,r60).  [assumption].
kept:      108 uses(23,r22).  [assumption].
kept:      109 uses(24,r22).  [assumption].
kept:      110 uses(25,r22).  [assumption].
kept:      111 uses(26,r177).  [assumption].
kept:      112 uses(27,r177).  [assumption].
kept:      113 uses(28,r177).  [assumption].
kept:      114 uses(29,r177).  [assumption].
kept:      115 uses(30,r177).  [assumption].
kept:      116 uses(31,r177).  [assumption].
kept:      117 uses(32,r177).  [assumption].
kept:      118 uses(33,r177).  [assumption].
kept:      119 uses(34,r177).  [assumption].
kept:      120 uses(35,r177).  [assumption].
kept:      121 uses(36,r177).  [assumption].
kept:      122 uses(37,r177).  [assumption].
kept:      123 uses(38,r177).  [assumption].
kept:      124 uses(39,r177).  [assumption].
kept:      125 -step(x,y) | -succ(x,z) | -uses(z,u) | -connected(y,w,u) | step(z,w).  [clausify(1)].
kept:      126 -step(39,77).  [deny(2)].

============================== end of process initial clauses ========

============================== CLAUSES FOR SEARCH ====================

% Clauses after input processing:

formulas(usable).
end_of_list.

formulas(sos).
3 assign(max_weight,30).  [assumption].
4 assign(max_proofs,1).  [assumption].
5 assign(max_seconds,30).  [assumption].
6 assign(sos_limit,79).  [assumption].
7 connected(67,68,r60).  [assumption].
8 connected(68,64,r60).  [assumption].
9 connected(64,62,r60).  [assumption].
10 connected(62,61,r60).  [assumption].
11 connected(61,70,r60).  [assumption].
12 connected(70,65,r60).  [assumption].
13 connected(65,66,r60).  [assumption].
14 connected(66,69,r60).  [assumption].
15 connected(69,71,r60).  [assumption].
16 connected(71,63,r60).  [assumption].
17 connected(63,60,r60).  [assumption].
18 connected(60,48,r60).  [assumption].
19 connected(48,49,r60).  [assumption].
20 connected(49,47,r60).  [assumption].
21 connected(47,50,r60).  [assumption].
22 connected(50,57,r60).  [assumption].
23 connected(57,56,r60).  [assumption].
24 connected(56,58,r60).  [assumption].
25 connected(58,55,r60).  [assumption].
26 connected(55,59,r60).  [assumption].
27 connected(59,54,r60).  [assumption].
28 connected(54,45,r60).  [assumption].
29 connected(45,46,r22).  [assumption].
30 connected(46,43,r22).  [assumption].
31 connected(43,44,r22).  [assumption].
32 connected(44,40,r177).  [assumption].
33 connected(40,80,r177).  [assumption].
34 connected(80,41,r177).  [assumption].
35 connected(41,42,r177).  [assumption].
36 connected(42,52,r177).  [assumption].
37 connected(52,51,r177).  [assumption].
38 connected(51,53,r177).  [assumption].
39 connected(53,72,r177).  [assumption].
40 connected(72,73,r177).  [assumption].
41 connected(73,75,r177).  [assumption].
42 connected(75,74,r177).  [assumption].
43 connected(74,76,r177).  [assumption].
44 connected(76,78,r177).  [assumption].
45 connected(78,77,r177).  [assumption].
46 succ(0,1).  [assumption].
47 succ(1,2).  [assumption].
48 succ(2,3).  [assumption].
49 succ(3,4).  [assumption].
50 succ(4,5).  [assumption].
51 succ(5,6).  [assumption].
52 succ(6,7).  [assumption].
53 succ(7,8).  [assumption].
54 succ(8,9).  [assumption].
55 succ(9,10).  [assumption].
56 succ(10,11).  [assumption].
57 succ(11,12).  [assumption].
58 succ(12,13).  [assumption].
59 succ(13,14).  [assumption].
60 succ(14,15).  [assumption].
61 succ(15,16).  [assumption].
62 succ(16,17).  [assumption].
63 succ(17,18).  [assumption].
64 succ(18,19).  [assumption].
65 succ(19,20).  [assumption].
66 succ(20,21).  [assumption].
67 succ(21,22).  [assumption].
68 succ(22,23).  [assumption].
69 succ(23,24).  [assumption].
70 succ(24,25).  [assumption].
71 succ(25,26).  [assumption].
72 succ(26,27).  [assumption].
73 succ(27,28).  [assumption].
74 succ(28,29).  [assumption].
75 succ(29,30).  [assumption].
76 succ(30,31).  [assumption].
77 succ(31,32).  [assumption].
78 succ(32,33).  [assumption].
79 succ(33,34).  [assumption].
80 succ(34,35).  [assumption].
81 succ(35,36).  [assumption].
82 succ(36,37).  [assumption].
83 succ(37,38).  [assumption].
84 succ(38,39).  [assumption].
85 step(0,67).  [assumption].
86 uses(1,r60).  [assumption].
87 uses(2,r60).  [assumption].
88 uses(3,r60).  [assumption].
89 uses(4,r60).  [assumption].
90 uses(5,r60).  [assumption].
91 uses(6,r60).  [assumption].
92 uses(7,r60).  [assumption].
93 uses(8,r60).  [assumption].
94 uses(9,r60).  [assumption].
95 uses(10,r60).  [assumption].
96 uses(11,r60).  [assumption].
97 uses(12,r60).  [assumption].
98 uses(13,r60).  [assumption].
99 uses(14,r60).  [assumption].
100 uses(15,r60).  [assumption].
101 uses(16,r60).  [assumption].
102 uses(17,r60).  [assumption].
103 uses(18,r60).  [assumption].
104 uses(19,r60).  [assumption].
105 uses(20,r60).  [assumption].
106 uses(21,r60).  [assumption].
107 uses(22,r60).  [assumption].
108 uses(23,r22).  [assumption].
109 uses(24,r22).  [assumption].
110 uses(25,r22).  [assumption].
111 uses(26,r177).  [assumption].
112 uses(27,r177).  [assumption].
113 uses(28,r177).  [assumption].
114 uses(29,r177).  [assumption].
115 uses(30,r177).  [assumption].
116 uses(31,r177).  [assumption].
117 uses(32,r177).  [assumption].
118 uses(33,r177).  [assumption].
119 uses(34,r177).  [assumption].
120 uses(35,r177).  [assumption].
121 uses(36,r177).  [assumption].
122 uses(37,r177).  [assumption].
123 uses(38,r177).  [assumption].
124 uses(39,r177).  [assumption].
125 -step(x,y) | -succ(x,z) | -uses(z,u) | -connected(y,w,u) | step(z,w).  [clausify(1)].
126 -step(39,77).  [deny(2)].
end_of_list.

formulas(demodulators).
end_of_list.

============================== end of clauses for search =============

============================== SEARCH ================================

% Starting search at 0.00 seconds.

given #1 (I,wt=3): 3 assign(max_weight,30).  [assumption].

given #2 (I,wt=3): 4 assign(max_proofs,1).  [assumption].

given #3 (I,wt=3): 5 assign(max_seconds,30).  [assumption].

given #4 (I,wt=3): 6 assign(sos_limit,79).  [assumption].

given #5 (I,wt=4): 7 connected(67,68,r60).  [assumption].

given #6 (I,wt=4): 8 connected(68,64,r60).  [assumption].

given #7 (I,wt=4): 9 connected(64,62,r60).  [assumption].

given #8 (I,wt=4): 10 connected(62,61,r60).  [assumption].

given #9 (I,wt=4): 11 connected(61,70,r60).  [assumption].

given #10 (I,wt=4): 12 connected(70,65,r60).  [assumption].

given #11 (I,wt=4): 13 connected(65,66,r60).  [assumption].

given #12 (I,wt=4): 14 connected(66,69,r60).  [assumption].

given #13 (I,wt=4): 15 connected(69,71,r60).  [assumption].

given #14 (I,wt=4): 16 connected(71,63,r60).  [assumption].

given #15 (I,wt=4): 17 connected(63,60,r60).  [assumption].

given #16 (I,wt=4): 18 connected(60,48,r60).  [assumption].

given #17 (I,wt=4): 19 connected(48,49,r60).  [assumption].

given #18 (I,wt=4): 20 connected(49,47,r60).  [assumption].

given #19 (I,wt=4): 21 connected(47,50,r60).  [assumption].

given #20 (I,wt=4): 22 connected(50,57,r60).  [assumption].

given #21 (I,wt=4): 23 connected(57,56,r60).  [assumption].

given #22 (I,wt=4): 24 connected(56,58,r60).  [assumption].

given #23 (I,wt=4): 25 connected(58,55,r60).  [assumption].

given #24 (I,wt=4): 26 connected(55,59,r60).  [assumption].

given #25 (I,wt=4): 27 connected(59,54,r60).  [assumption].

given #26 (I,wt=4): 28 connected(54,45,r60).  [assumption].

given #27 (I,wt=4): 29 connected(45,46,r22).  [assumption].

given #28 (I,wt=4): 30 connected(46,43,r22).  [assumption].

given #29 (I,wt=4): 31 connected(43,44,r22).  [assumption].

given #30 (I,wt=4): 32 connected(44,40,r177).  [assumption].

given #31 (I,wt=4): 33 connected(40,80,r177).  [assumption].

given #32 (I,wt=4): 34 connected(80,41,r177).  [assumption].

given #33 (I,wt=4): 35 connected(41,42,r177).  [assumption].

given #34 (I,wt=4): 36 connected(42,52,r177).  [assumption].

given #35 (I,wt=4): 37 connected(52,51,r177).  [assumption].

given #36 (I,wt=4): 38 connected(51,53,r177).  [assumption].

given #37 (I,wt=4): 39 connected(53,72,r177).  [assumption].

given #38 (I,wt=4): 40 connected(72,73,r177).  [assumption].

given #39 (I,wt=4): 41 connected(73,75,r177).  [assumption].

given #40 (I,wt=4): 42 connected(75,74,r177).  [assumption].

given #41 (I,wt=4): 43 connected(74,76,r177).  [assumption].

given #42 (I,wt=4): 44 connected(76,78,r177).  [assumption].

given #43 (I,wt=4): 45 connected(78,77,r177).  [assumption].

given #44 (I,wt=3): 46 succ(0,1).  [assumption].

given #45 (I,wt=3): 47 succ(1,2).  [assumption].

given #46 (I,wt=3): 48 succ(2,3).  [assumption].

given #47 (I,wt=3): 49 succ(3,4).  [assumption].

given #48 (I,wt=3): 50 succ(4,5).  [assumption].

given #49 (I,wt=3): 51 succ(5,6).  [assumption].

given #50 (I,wt=3): 52 succ(6,7).  [assumption].

given #51 (I,wt=3): 53 succ(7,8).  [assumption].

given #52 (I,wt=3): 54 succ(8,9).  [assumption].

given #53 (I,wt=3): 55 succ(9,10).  [assumption].

given #54 (I,wt=3): 56 succ(10,11).  [assumption].

given #55 (I,wt=3): 57 succ(11,12).  [assumption].

given #56 (I,wt=3): 58 succ(12,13).  [assumption].

given #57 (I,wt=3): 59 succ(13,14).  [assumption].

given #58 (I,wt=3): 60 succ(14,15).  [assumption].

given #59 (I,wt=3): 61 succ(15,16).  [assumption].

given #60 (I,wt=3): 62 succ(16,17).  [assumption].

given #61 (I,wt=3): 63 succ(17,18).  [assumption].

given #62 (I,wt=3): 64 succ(18,19).  [assumption].

given #63 (I,wt=3): 65 succ(19,20).  [assumption].

given #64 (I,wt=3): 66 succ(20,21).  [assumption].

given #65 (I,wt=3): 67 succ(21,22).  [assumption].

given #66 (I,wt=3): 68 succ(22,23).  [assumption].

given #67 (I,wt=3): 69 succ(23,24).  [assumption].

given #68 (I,wt=3): 70 succ(24,25).  [assumption].

given #69 (I,wt=3): 71 succ(25,26).  [assumption].

given #70 (I,wt=3): 72 succ(26,27).  [assumption].

given #71 (I,wt=3): 73 succ(27,28).  [assumption].

given #72 (I,wt=3): 74 succ(28,29).  [assumption].

given #73 (I,wt=3): 75 succ(29,30).  [assumption].

given #74 (I,wt=3): 76 succ(30,31).  [assumption].

given #75 (I,wt=3): 77 succ(31,32).  [assumption].

given #76 (I,wt=3): 78 succ(32,33).  [assumption].

given #77 (I,wt=3): 79 succ(33,34).  [assumption].

given #78 (I,wt=3): 80 succ(34,35).  [assumption].

given #79 (I,wt=3): 81 succ(35,36).  [assumption].

given #80 (I,wt=3): 82 succ(36,37).  [assumption].

given #81 (I,wt=3): 83 succ(37,38).  [assumption].

given #82 (I,wt=3): 84 succ(38,39).  [assumption].

given #83 (I,wt=3): 85 step(0,67).  [assumption].

given #84 (I,wt=3): 86 uses(1,r60).  [assumption].

given #85 (I,wt=3): 87 uses(2,r60).  [assumption].

given #86 (I,wt=3): 88 uses(3,r60).  [assumption].

given #87 (I,wt=3): 89 uses(4,r60).  [assumption].

given #88 (I,wt=3): 90 uses(5,r60).  [assumption].

given #89 (I,wt=3): 91 uses(6,r60).  [assumption].

given #90 (I,wt=3): 92 uses(7,r60).  [assumption].

given #91 (I,wt=3): 93 uses(8,r60).  [assumption].

given #92 (I,wt=3): 94 uses(9,r60).  [assumption].

given #93 (I,wt=3): 95 uses(10,r60).  [assumption].

given #94 (I,wt=3): 96 uses(11,r60).  [assumption].

given #95 (I,wt=3): 97 uses(12,r60).  [assumption].

given #96 (I,wt=3): 98 uses(13,r60).  [assumption].

given #97 (I,wt=3): 99 uses(14,r60).  [assumption].

given #98 (I,wt=3): 100 uses(15,r60).  [assumption].

given #99 (I,wt=3): 101 uses(16,r60).  [assumption].

given #100 (I,wt=3): 102 uses(17,r60).  [assumption].

given #101 (I,wt=3): 103 uses(18,r60).  [assumption].

given #102 (I,wt=3): 104 uses(19,r60).  [assumption].

given #103 (I,wt=3): 105 uses(20,r60).  [assumption].

given #104 (I,wt=3): 106 uses(21,r60).  [assumption].

given #105 (I,wt=3): 107 uses(22,r60).  [assumption].

given #106 (I,wt=3): 108 uses(23,r22).  [assumption].

given #107 (I,wt=3): 109 uses(24,r22).  [assumption].

given #108 (I,wt=3): 110 uses(25,r22).  [assumption].

given #109 (I,wt=3): 111 uses(26,r177).  [assumption].

given #110 (I,wt=3): 112 uses(27,r177).  [assumption].

given #111 (I,wt=3): 113 uses(28,r177).  [assumption].

given #112 (I,wt=3): 114 uses(29,r177).  [assumption].

given #113 (I,wt=3): 115 uses(30,r177).  [assumption].

given #114 (I,wt=3): 116 uses(31,r177).  [assumption].

given #115 (I,wt=3): 117 uses(32,r177).  [assumption].

given #116 (I,wt=3): 118 uses(33,r177).  [assumption].

given #117 (I,wt=3): 119 uses(34,r177).  [assumption].

given #118 (I,wt=3): 120 uses(35,r177).  [assumption].

given #119 (I,wt=3): 121 uses(36,r177).  [assumption].

given #120 (I,wt=3): 122 uses(37,r177).  [assumption].

given #121 (I,wt=3): 123 uses(38,r177).  [assumption].

given #122 (I,wt=3): 124 uses(39,r177).  [assumption].

given #123 (I,wt=16): 125 -step(x,y) | -succ(x,z) | -uses(z,u) | -connected(y,w,u) | step(z,w).  [clausify(1)].

given #124 (I,wt=3): 126 -step(39,77).  [deny(2)].

given #125 (W,wt=3): 127 step(1,68).  [hyper(125,a,85,a,b,46,a,c,86,a,d,7,a)].

given #126 (W,wt=3): 128 step(2,64).  [hyper(125,a,127,a,b,47,a,c,87,a,d,8,a)].

given #127 (W,wt=3): 129 step(3,62).  [hyper(125,a,128,a,b,48,a,c,88,a,d,9,a)].

given #128 (W,wt=3): 130 step(4,61).  [hyper(125,a,129,a,b,49,a,c,89,a,d,10,a)].

given #129 (W,wt=3): 131 step(5,70).  [hyper(125,a,130,a,b,50,a,c,90,a,d,11,a)].

given #130 (W,wt=3): 132 step(6,65).  [hyper(125,a,131,a,b,51,a,c,91,a,d,12,a)].

given #131 (W,wt=3): 133 step(7,66).  [hyper(125,a,132,a,b,52,a,c,92,a,d,13,a)].

given #132 (W,wt=3): 134 step(8,69).  [hyper(125,a,133,a,b,53,a,c,93,a,d,14,a)].

given #133 (W,wt=3): 135 step(9,71).  [hyper(125,a,134,a,b,54,a,c,94,a,d,15,a)].

given #134 (W,wt=3): 136 step(10,63).  [hyper(125,a,135,a,b,55,a,c,95,a,d,16,a)].

given #135 (W,wt=3): 137 step(11,60).  [hyper(125,a,136,a,b,56,a,c,96,a,d,17,a)].

given #136 (W,wt=3): 138 step(12,48).  [hyper(125,a,137,a,b,57,a,c,97,a,d,18,a)].

given #137 (W,wt=3): 139 step(13,49).  [hyper(125,a,138,a,b,58,a,c,98,a,d,19,a)].

given #138 (W,wt=3): 140 step(14,47).  [hyper(125,a,139,a,b,59,a,c,99,a,d,20,a)].

given #139 (W,wt=3): 141 step(15,50).  [hyper(125,a,140,a,b,60,a,c,100,a,d,21,a)].

given #140 (W,wt=3): 142 step(16,57).  [hyper(125,a,141,a,b,61,a,c,101,a,d,22,a)].

given #141 (W,wt=3): 143 step(17,56).  [hyper(125,a,142,a,b,62,a,c,102,a,d,23,a)].

given #142 (W,wt=3): 144 step(18,58).  [hyper(125,a,143,a,b,63,a,c,103,a,d,24,a)].

given #143 (W,wt=3): 145 step(19,55).  [hyper(125,a,144,a,b,64,a,c,104,a,d,25,a)].

given #144 (W,wt=3): 146 step(20,59).  [hyper(125,a,145,a,b,65,a,c,105,a,d,26,a)].

given #145 (W,wt=3): 147 step(21,54).  [hyper(125,a,146,a,b,66,a,c,106,a,d,27,a)].

given #146 (W,wt=3): 148 step(22,45).  [hyper(125,a,147,a,b,67,a,c,107,a,d,28,a)].

given #147 (W,wt=3): 149 step(23,46).  [hyper(125,a,148,a,b,68,a,c,108,a,d,29,a)].

given #148 (W,wt=3): 150 step(24,43).  [hyper(125,a,149,a,b,69,a,c,109,a,d,30,a)].

given #149 (W,wt=3): 151 step(25,44).  [hyper(125,a,150,a,b,70,a,c,110,a,d,31,a)].

given #150 (W,wt=3): 152 step(26,40).  [hyper(125,a,151,a,b,71,a,c,111,a,d,32,a)].

given #151 (W,wt=3): 153 step(27,80).  [hyper(125,a,152,a,b,72,a,c,112,a,d,33,a)].

given #152 (W,wt=3): 154 step(28,41).  [hyper(125,a,153,a,b,73,a,c,113,a,d,34,a)].

given #153 (W,wt=3): 155 step(29,42).  [hyper(125,a,154,a,b,74,a,c,114,a,d,35,a)].

given #154 (W,wt=3): 156 step(30,52).  [hyper(125,a,155,a,b,75,a,c,115,a,d,36,a)].

given #155 (W,wt=3): 157 step(31,51).  [hyper(125,a,156,a,b,76,a,c,116,a,d,37,a)].

given #156 (W,wt=3): 158 step(32,53).  [hyper(125,a,157,a,b,77,a,c,117,a,d,38,a)].

given #157 (W,wt=3): 159 step(33,72).  [hyper(125,a,158,a,b,78,a,c,118,a,d,39,a)].

given #158 (W,wt=3): 160 step(34,73).  [hyper(125,a,159,a,b,79,a,c,119,a,d,40,a)].

given #159 (W,wt=3): 161 step(35,75).  [hyper(125,a,160,a,b,80,a,c,120,a,d,41,a)].

given #160 (W,wt=3): 162 step(36,74).  [hyper(125,a,161,a,b,81,a,c,121,a,d,42,a)].

given #161 (W,wt=3): 163 step(37,76).  [hyper(125,a,162,a,b,82,a,c,122,a,d,43,a)].

given #162 (W,wt=3): 164 step(38,78).  [hyper(125,a,163,a,b,83,a,c,123,a,d,44,a)].

============================== PROOF =================================

% Proof 1 at 0.00 (+ 0.00) seconds.
% Length of proof is 162.
% Level of proof is 41.
% Maximum clause weight is 16.000.
% Given clauses 162 (3.951 givens/level).

1 (all N all M all X all Y all R (step(N,X) & succ(N,M) & uses(M,R) & connected(X,Y,R) -> step(M,Y))) # label(non_clause).  [assumption].
2 step(39,77) # label(non_clause) # label(goal).  [goal].
7 connected(67,68,r60).  [assumption].
8 connected(68,64,r60).  [assumption].
9 connected(64,62,r60).  [assumption].
10 connected(62,61,r60).  [assumption].
11 connected(61,70,r60).  [assumption].
12 connected(70,65,r60).  [assumption].
13 connected(65,66,r60).  [assumption].
14 connected(66,69,r60).  [assumption].
15 connected(69,71,r60).  [assumption].
16 connected(71,63,r60).  [assumption].
17 connected(63,60,r60).  [assumption].
18 connected(60,48,r60).  [assumption].
19 connected(48,49,r60).  [assumption].
20 connected(49,47,r60).  [assumption].
21 connected(47,50,r60).  [assumption].
22 connected(50,57,r60).  [assumption].
23 connected(57,56,r60).  [assumption].
24 connected(56,58,r60).  [assumption].
25 connected(58,55,r60).  [assumption].
26 connected(55,59,r60).  [assumption].
27 connected(59,54,r60).  [assumption].
28 connected(54,45,r60).  [assumption].
29 connected(45,46,r22).  [assumption].
30 connected(46,43,r22).  [assumption].
31 connected(43,44,r22).  [assumption].
32 connected(44,40,r177).  [assumption].
33 connected(40,80,r177).  [assumption].
34 connected(80,41,r177).  [assumption].
35 connected(41,42,r177).  [assumption].
36 connected(42,52,r177).  [assumption].
37 connected(52,51,r177).  [assumption].
38 connected(51,53,r177).  [assumption].
39 connected(53,72,r177).  [assumption].
40 connected(72,73,r177).  [assumption].
41 connected(73,75,r177).  [assumption].
42 connected(75,74,r177).  [assumption].
43 connected(74,76,r177).  [assumption].
44 connected(76,78,r177).  [assumption].
45 connected(78,77,r177).  [assumption].
46 succ(0,1).  [assumption].
47 succ(1,2).  [assumption].
48 succ(2,3).  [assumption].
49 succ(3,4).  [assumption].
50 succ(4,5).  [assumption].
51 succ(5,6).  [assumption].
52 succ(6,7).  [assumption].
53 succ(7,8).  [assumption].
54 succ(8,9).  [assumption].
55 succ(9,10).  [assumption].
56 succ(10,11).  [assumption].
57 succ(11,12).  [assumption].
58 succ(12,13).  [assumption].
59 succ(13,14).  [assumption].
60 succ(14,15).  [assumption].
61 succ(15,16).  [assumption].
62 succ(16,17).  [assumption].
63 succ(17,18).  [assumption].
64 succ(18,19).  [assumption].
65 succ(19,20).  [assumption].
66 succ(20,21).  [assumption].
67 succ(21,22).  [assumption].
68 succ(22,23).  [assumption].
69 succ(23,24).  [assumption].
70 succ(24,25).  [assumption].
71 succ(25,26).  [assumption].
72 succ(26,27).  [assumption].
73 succ(27,28).  [assumption].
74 succ(28,29).  [assumption].
75 succ(29,30).  [assumption].
76 succ(30,31).  [assumption].
77 succ(31,32).  [assumption].
78 succ(32,33).  [assumption].
79 succ(33,34).  [assumption].
80 succ(34,35).  [assumption].
81 succ(35,36).  [assumption].
82 succ(36,37).  [assumption].
83 succ(37,38).  [assumption].
84 succ(38,39).  [assumption].
85 step(0,67).  [assumption].
86 uses(1,r60).  [assumption].
87 uses(2,r60).  [assumption].
88 uses(3,r60).  [assumption].
89 uses(4,r60).  [assumption].
90 uses(5,r60).  [assumption].
91 uses(6,r60).  [assumption].
92 uses(7,r60).  [assumption].
93 uses(8,r60).  [assumption].
94 uses(9,r60).  [assumption].
95 uses(10,r60).  [assumption].
96 uses(11,r60).  [assumption].
97 uses(12,r60).  [assumption].
98 uses(13,r60).  [assumption].
99 uses(14,r60).  [assumption].
100 uses(15,r60).  [assumption].
101 uses(16,r60).  [assumption].
102 uses(17,r60).  [assumption].
103 uses(18,r60).  [assumption].
104 uses(19,r60).  [assumption].
105 uses(20,r60).  [assumption].
106 uses(21,r60).  [assumption].
107 uses(22,r60).  [assumption].
108 uses(23,r22).  [assumption].
109 uses(24,r22).  [assumption].
110 uses(25,r22).  [assumption].
111 uses(26,r177).  [assumption].
112 uses(27,r177).  [assumption].
113 uses(28,r177).  [assumption].
114 uses(29,r177).  [assumption].
115 uses(30,r177).  [assumption].
116 uses(31,r177).  [assumption].
117 uses(32,r177).  [assumption].
118 uses(33,r177).  [assumption].
119 uses(34,r177).  [assumption].
120 uses(35,r177).  [assumption].
121 uses(36,r177).  [assumption].
122 uses(37,r177).  [assumption].
123 uses(38,r177).  [assumption].
124 uses(39,r177).  [assumption].
125 -step(x,y) | -succ(x,z) | -uses(z,u) | -connected(y,w,u) | step(z,w).  [clausify(1)].
126 -step(39,77).  [deny(2)].
127 step(1,68).  [hyper(125,a,85,a,b,46,a,c,86,a,d,7,a)].
128 step(2,64).  [hyper(125,a,127,a,b,47,a,c,87,a,d,8,a)].
129 step(3,62).  [hyper(125,a,128,a,b,48,a,c,88,a,d,9,a)].
130 step(4,61).  [hyper(125,a,129,a,b,49,a,c,89,a,d,10,a)].
131 step(5,70).  [hyper(125,a,130,a,b,50,a,c,90,a,d,11,a)].
132 step(6,65).  [hyper(125,a,131,a,b,51,a,c,91,a,d,12,a)].
133 step(7,66).  [hyper(125,a,132,a,b,52,a,c,92,a,d,13,a)].
134 step(8,69).  [hyper(125,a,133,a,b,53,a,c,93,a,d,14,a)].
135 step(9,71).  [hyper(125,a,134,a,b,54,a,c,94,a,d,15,a)].
136 step(10,63).  [hyper(125,a,135,a,b,55,a,c,95,a,d,16,a)].
137 step(11,60).  [hyper(125,a,136,a,b,56,a,c,96,a,d,17,a)].
138 step(12,48).  [hyper(125,a,137,a,b,57,a,c,97,a,d,18,a)].
139 step(13,49).  [hyper(125,a,138,a,b,58,a,c,98,a,d,19,a)].
140 step(14,47).  [hyper(125,a,139,a,b,59,a,c,99,a,d,20,a)].
141 step(15,50).  [hyper(125,a,140,a,b,60,a,c,100,a,d,21,a)].
142 step(16,57).  [hyper(125,a,141,a,b,61,a,c,101,a,d,22,a)].
143 step(17,56).  [hyper(125,a,142,a,b,62,a,c,102,a,d,23,a)].
144 step(18,58).  [hyper(125,a,143,a,b,63,a,c,103,a,d,24,a)].
145 step(19,55).  [hyper(125,a,144,a,b,64,a,c,104,a,d,25,a)].
146 step(20,59).  [hyper(125,a,145,a,b,65,a,c,105,a,d,26,a)].
147 step(21,54).  [hyper(125,a,146,a,b,66,a,c,106,a,d,27,a)].
148 step(22,45).  [hyper(125,a,147,a,b,67,a,c,107,a,d,28,a)].
149 step(23,46).  [hyper(125,a,148,a,b,68,a,c,108,a,d,29,a)].
150 step(24,43).  [hyper(125,a,149,a,b,69,a,c,109,a,d,30,a)].
151 step(25,44).  [hyper(125,a,150,a,b,70,a,c,110,a,d,31,a)].
152 step(26,40).  [hyper(125,a,151,a,b,71,a,c,111,a,d,32,a)].
153 step(27,80).  [hyper(125,a,152,a,b,72,a,c,112,a,d,33,a)].
154 step(28,41).  [hyper(125,a,153,a,b,73,a,c,113,a,d,34,a)].
155 step(29,42).  [hyper(125,a,154,a,b,74,a,c,114,a,d,35,a)].
156 step(30,52).  [hyper(125,a,155,a,b,75,a,c,115,a,d,36,a)].
157 step(31,51).  [hyper(125,a,156,a,b,76,a,c,116,a,d,37,a)].
158 step(32,53).  [hyper(125,a,157,a,b,77,a,c,117,a,d,38,a)].
159 step(33,72).  [hyper(125,a,158,a,b,78,a,c,118,a,d,39,a)].
160 step(34,73).  [hyper(125,a,159,a,b,79,a,c,119,a,d,40,a)].
161 step(35,75).  [hyper(125,a,160,a,b,80,a,c,120,a,d,41,a)].
162 step(36,74).  [hyper(125,a,161,a,b,81,a,c,121,a,d,42,a)].
163 step(37,76).  [hyper(125,a,162,a,b,82,a,c,122,a,d,43,a)].
164 step(38,78).  [hyper(125,a,163,a,b,83,a,c,123,a,d,44,a)].
165 step(39,77).  [hyper(125,a,164,a,b,84,a,c,124,a,d,45,a)].
166 $F.  [resolve(165,a,126,a)].

============================== end of proof ==========================

============================== STATISTICS ============================

Given=162. Generated=163. Kept=163. proofs=1.
Usable=162. Sos=0. Demods=0. Limbo=0, Disabled=124. Hints=0.
Kept_by_rule=0, Deleted_by_rule=0.
Forward_subsumed=0. Back_subsumed=0.
Sos_limit_deleted=0. Sos_displaced=0. Sos_removed=0.
New_demodulators=0 (0 lex), Back_demodulated=0. Back_unit_deleted=0.
Demod_attempts=0. Demod_rewrites=0.
Res_instance_prunes=0. Para_instance_prunes=0. Basic_paramod_prunes=0.
Nonunit_fsub_feature_tests=0. Nonunit_bsub_feature_tests=0.
Megabytes=0.26.
User_CPU=0.00, System_CPU=0.00, Wall_clock=0.

============================== end of statistics =====================

============================== end of search =========================

THEOREM PROVED

Exiting with 1 proof.

Process 59566 exit (max_proofs) Tue Dec 30 00:30:03 2025
