============================== Mace4 =================================
Mace4 (64) version 2017-11A (CIIRC), November 2017.
Process 59211 was started by dani on Ubuntu,
Tue Dec 30 00:25:53 2025
The command was "src/backend/prover9/Prover9/LADR-2009-11A/bin/mace4 -f src/backend/fol_inputs/mace4_2025-12-30T00-25-53_a61c363b.in".
============================== end of head ===========================

============================== INPUT =================================

% Reading from file src/backend/fol_inputs/mace4_2025-12-30T00-25-53_a61c363b.in


formulas(assumptions).
connected(10,3,r90).
connected(3,4,r90).
connected(4,5,r90).
connected(5,6,r90).
connected(6,8,r20).
connected(8,2,r20).
connected(2,7,r20).
connected(7,9,r20).
connected(9,0,r20).
connected(0,1,r20).
reachable(9).
reachable(3).
reachable(6).
reachable(0).
reachable(10).
reachable(8).
reachable(5).
reachable(2).
reachable(4).
reachable(1).
reachable(7).
reachable(1).
end_of_list.

============================== end of input ==========================

============================== PROCESS NON-CLAUSAL FORMULAS ==========

% Formulas that are not ordinary clauses:

============================== end of process non-clausal formulas ===

============================== CLAUSES FOR SEARCH ====================

formulas(mace4_clauses).
connected(10,3,r90).
connected(3,4,r90).
connected(4,5,r90).
connected(5,6,r90).
connected(6,8,r20).
connected(8,2,r20).
connected(2,7,r20).
connected(7,9,r20).
connected(9,0,r20).
connected(0,1,r20).
reachable(9).
reachable(3).
reachable(6).
reachable(0).
reachable(10).
reachable(8).
reachable(5).
reachable(2).
reachable(4).
reachable(1).
reachable(7).
reachable(1).
end_of_list.

============================== end of clauses for search =============

% The largest natural number in the input is 10.

============================== DOMAIN SIZE 2 =========================

====== Domain size 2 skipped because domain elememt too big. ======

============================== STATISTICS ============================

For domain size 0.

Current CPU time: 0.00 seconds (total CPU time: 0.00 seconds).
Ground clauses: seen=0, kept=0.
Selections=0, assignments=0, propagations=0, current_models=0.
Rewrite_terms=0, rewrite_bools=0, indexes=0.
Rules_from_neg_clauses=0, cross_offs=0.

============================== end of statistics =====================

============================== DOMAIN SIZE 3 =========================

====== Domain size 3 skipped because domain elememt too big. ======

============================== STATISTICS ============================

For domain size 0.

Current CPU time: 0.00 seconds (total CPU time: 0.00 seconds).
Ground clauses: seen=0, kept=0.
Selections=0, assignments=0, propagations=0, current_models=0.
Rewrite_terms=0, rewrite_bools=0, indexes=0.
Rules_from_neg_clauses=0, cross_offs=0.

============================== end of statistics =====================

============================== DOMAIN SIZE 4 =========================

====== Domain size 4 skipped because domain elememt too big. ======

============================== STATISTICS ============================

For domain size 0.

Current CPU time: 0.00 seconds (total CPU time: 0.00 seconds).
Ground clauses: seen=0, kept=0.
Selections=0, assignments=0, propagations=0, current_models=0.
Rewrite_terms=0, rewrite_bools=0, indexes=0.
Rules_from_neg_clauses=0, cross_offs=0.

============================== end of statistics =====================

============================== DOMAIN SIZE 5 =========================

====== Domain size 5 skipped because domain elememt too big. ======

============================== STATISTICS ============================

For domain size 0.

Current CPU time: 0.00 seconds (total CPU time: 0.00 seconds).
Ground clauses: seen=0, kept=0.
Selections=0, assignments=0, propagations=0, current_models=0.
Rewrite_terms=0, rewrite_bools=0, indexes=0.
Rules_from_neg_clauses=0, cross_offs=0.

============================== end of statistics =====================

============================== DOMAIN SIZE 6 =========================

====== Domain size 6 skipped because domain elememt too big. ======

============================== STATISTICS ============================

For domain size 0.

Current CPU time: 0.00 seconds (total CPU time: 0.00 seconds).
Ground clauses: seen=0, kept=0.
Selections=0, assignments=0, propagations=0, current_models=0.
Rewrite_terms=0, rewrite_bools=0, indexes=0.
Rules_from_neg_clauses=0, cross_offs=0.

============================== end of statistics =====================

============================== DOMAIN SIZE 7 =========================

====== Domain size 7 skipped because domain elememt too big. ======

============================== STATISTICS ============================

For domain size 0.

Current CPU time: 0.00 seconds (total CPU time: 0.00 seconds).
Ground clauses: seen=0, kept=0.
Selections=0, assignments=0, propagations=0, current_models=0.
Rewrite_terms=0, rewrite_bools=0, indexes=0.
Rules_from_neg_clauses=0, cross_offs=0.

============================== end of statistics =====================

============================== DOMAIN SIZE 8 =========================

====== Domain size 8 skipped because domain elememt too big. ======

============================== STATISTICS ============================

For domain size 0.

Current CPU time: 0.00 seconds (total CPU time: 0.00 seconds).
Ground clauses: seen=0, kept=0.
Selections=0, assignments=0, propagations=0, current_models=0.
Rewrite_terms=0, rewrite_bools=0, indexes=0.
Rules_from_neg_clauses=0, cross_offs=0.

============================== end of statistics =====================

============================== DOMAIN SIZE 9 =========================

====== Domain size 9 skipped because domain elememt too big. ======

============================== STATISTICS ============================

For domain size 0.

Current CPU time: 0.00 seconds (total CPU time: 0.00 seconds).
Ground clauses: seen=0, kept=0.
Selections=0, assignments=0, propagations=0, current_models=0.
Rewrite_terms=0, rewrite_bools=0, indexes=0.
Rules_from_neg_clauses=0, cross_offs=0.

============================== end of statistics =====================

============================== DOMAIN SIZE 10 ========================

====== Domain size 10 skipped because domain elememt too big. ======

============================== STATISTICS ============================

For domain size 0.

Current CPU time: 0.00 seconds (total CPU time: 0.00 seconds).
Ground clauses: seen=0, kept=0.
Selections=0, assignments=0, propagations=0, current_models=0.
Rewrite_terms=0, rewrite_bools=0, indexes=0.
Rules_from_neg_clauses=0, cross_offs=0.

============================== end of statistics =====================

============================== DOMAIN SIZE 11 ========================

============================== MODEL =================================

interpretation( 11, [number=1, seconds=0], [

        function(r20, [ 0 ]),

        function(r90, [ 0 ]),

        relation(reachable(_), [ 1, 1, 1, 1, 1, 1, 1, 1, 1, 1, 1 ]),

        relation(connected(_,_,_), [
			   0, 0, 0, 0, 0, 0, 0, 0, 0, 0, 0,
			   1, 0, 0, 0, 0, 0, 0, 0, 0, 0, 0,
			   0, 0, 0, 0, 0, 0, 0, 0, 0, 0, 0,
			   0, 0, 0, 0, 0, 0, 0, 0, 0, 0, 0,
			   0, 0, 0, 0, 0, 0, 0, 0, 0, 0, 0,
			   0, 0, 0, 0, 0, 0, 0, 0, 0, 0, 0,
			   0, 0, 0, 0, 0, 0, 0, 0, 0, 0, 0,
			   0, 0, 0, 0, 0, 0, 0, 0, 0, 0, 0,
			   0, 0, 0, 0, 0, 0, 0, 0, 0, 0, 0,
			   0, 0, 0, 0, 0, 0, 0, 0, 0, 0, 0,
			   0, 0, 0, 0, 0, 0, 0, 0, 0, 0, 0,
			   0, 0, 0, 0, 0, 0, 0, 0, 0, 0, 0,
			   0, 0, 0, 0, 0, 0, 0, 0, 0, 0, 0,
			   0, 0, 0, 0, 0, 0, 0, 0, 0, 0, 0,
			   0, 0, 0, 0, 0, 0, 0, 0, 0, 0, 0,
			   0, 0, 0, 0, 0, 0, 0, 0, 0, 0, 0,
			   0, 0, 0, 0, 0, 0, 0, 0, 0, 0, 0,
			   0, 0, 0, 0, 0, 0, 0, 0, 0, 0, 0,
			   0, 0, 0, 0, 0, 0, 0, 0, 0, 0, 0,
			   0, 0, 0, 0, 0, 0, 0, 0, 0, 0, 0,
			   0, 0, 0, 0, 0, 0, 0, 0, 0, 0, 0,
			   0, 0, 0, 0, 0, 0, 0, 0, 0, 0, 0,
			   0, 0, 0, 0, 0, 0, 0, 0, 0, 0, 0,
			   0, 0, 0, 0, 0, 0, 0, 0, 0, 0, 0,
			   0, 0, 0, 0, 0, 0, 0, 0, 0, 0, 0,
			   0, 0, 0, 0, 0, 0, 0, 0, 0, 0, 0,
			   0, 0, 0, 0, 0, 0, 0, 0, 0, 0, 0,
			   0, 0, 0, 0, 0, 0, 0, 0, 0, 0, 0,
			   0, 0, 0, 0, 0, 0, 0, 0, 0, 0, 0,
			   1, 0, 0, 0, 0, 0, 0, 0, 0, 0, 0,
			   0, 0, 0, 0, 0, 0, 0, 0, 0, 0, 0,
			   0, 0, 0, 0, 0, 0, 0, 0, 0, 0, 0,
			   0, 0, 0, 0, 0, 0, 0, 0, 0, 0, 0,
			   0, 0, 0, 0, 0, 0, 0, 0, 0, 0, 0,
			   0, 0, 0, 0, 0, 0, 0, 0, 0, 0, 0,
			   0, 0, 0, 0, 0, 0, 0, 0, 0, 0, 0,
			   0, 0, 0, 0, 0, 0, 0, 0, 0, 0, 0,
			   1, 0, 0, 0, 0, 0, 0, 0, 0, 0, 0,
			   0, 0, 0, 0, 0, 0, 0, 0, 0, 0, 0,
			   0, 0, 0, 0, 0, 0, 0, 0, 0, 0, 0,
			   0, 0, 0, 0, 0, 0, 0, 0, 0, 0, 0,
			   0, 0, 0, 0, 0, 0, 0, 0, 0, 0, 0,
			   0, 0, 0, 0, 0, 0, 0, 0, 0, 0, 0,
			   0, 0, 0, 0, 0, 0, 0, 0, 0, 0, 0,
			   0, 0, 0, 0, 0, 0, 0, 0, 0, 0, 0,
			   0, 0, 0, 0, 0, 0, 0, 0, 0, 0, 0,
			   0, 0, 0, 0, 0, 0, 0, 0, 0, 0, 0,
			   0, 0, 0, 0, 0, 0, 0, 0, 0, 0, 0,
			   0, 0, 0, 0, 0, 0, 0, 0, 0, 0, 0,
			   1, 0, 0, 0, 0, 0, 0, 0, 0, 0, 0,
			   0, 0, 0, 0, 0, 0, 0, 0, 0, 0, 0,
			   0, 0, 0, 0, 0, 0, 0, 0, 0, 0, 0,
			   0, 0, 0, 0, 0, 0, 0, 0, 0, 0, 0,
			   0, 0, 0, 0, 0, 0, 0, 0, 0, 0, 0,
			   0, 0, 0, 0, 0, 0, 0, 0, 0, 0, 0,
			   0, 0, 0, 0, 0, 0, 0, 0, 0, 0, 0,
			   0, 0, 0, 0, 0, 0, 0, 0, 0, 0, 0,
			   0, 0, 0, 0, 0, 0, 0, 0, 0, 0, 0,
			   0, 0, 0, 0, 0, 0, 0, 0, 0, 0, 0,
			   0, 0, 0, 0, 0, 0, 0, 0, 0, 0, 0,
			   0, 0, 0, 0, 0, 0, 0, 0, 0, 0, 0,
			   1, 0, 0, 0, 0, 0, 0, 0, 0, 0, 0,
			   0, 0, 0, 0, 0, 0, 0, 0, 0, 0, 0,
			   0, 0, 0, 0, 0, 0, 0, 0, 0, 0, 0,
			   0, 0, 0, 0, 0, 0, 0, 0, 0, 0, 0,
			   0, 0, 0, 0, 0, 0, 0, 0, 0, 0, 0,
			   0, 0, 0, 0, 0, 0, 0, 0, 0, 0, 0,
			   0, 0, 0, 0, 0, 0, 0, 0, 0, 0, 0,
			   0, 0, 0, 0, 0, 0, 0, 0, 0, 0, 0,
			   0, 0, 0, 0, 0, 0, 0, 0, 0, 0, 0,
			   0, 0, 0, 0, 0, 0, 0, 0, 0, 0, 0,
			   0, 0, 0, 0, 0, 0, 0, 0, 0, 0, 0,
			   0, 0, 0, 0, 0, 0, 0, 0, 0, 0, 0,
			   0, 0, 0, 0, 0, 0, 0, 0, 0, 0, 0,
			   1, 0, 0, 0, 0, 0, 0, 0, 0, 0, 0,
			   0, 0, 0, 0, 0, 0, 0, 0, 0, 0, 0,
			   0, 0, 0, 0, 0, 0, 0, 0, 0, 0, 0,
			   0, 0, 0, 0, 0, 0, 0, 0, 0, 0, 0,
			   0, 0, 0, 0, 0, 0, 0, 0, 0, 0, 0,
			   0, 0, 0, 0, 0, 0, 0, 0, 0, 0, 0,
			   0, 0, 0, 0, 0, 0, 0, 0, 0, 0, 0,
			   0, 0, 0, 0, 0, 0, 0, 0, 0, 0, 0,
			   0, 0, 0, 0, 0, 0, 0, 0, 0, 0, 0,
			   0, 0, 0, 0, 0, 0, 0, 0, 0, 0, 0,
			   0, 0, 0, 0, 0, 0, 0, 0, 0, 0, 0,
			   0, 0, 0, 0, 0, 0, 0, 0, 0, 0, 0,
			   1, 0, 0, 0, 0, 0, 0, 0, 0, 0, 0,
			   0, 0, 0, 0, 0, 0, 0, 0, 0, 0, 0,
			   0, 0, 0, 0, 0, 0, 0, 0, 0, 0, 0,
			   0, 0, 0, 0, 0, 0, 0, 0, 0, 0, 0,
			   1, 0, 0, 0, 0, 0, 0, 0, 0, 0, 0,
			   0, 0, 0, 0, 0, 0, 0, 0, 0, 0, 0,
			   0, 0, 0, 0, 0, 0, 0, 0, 0, 0, 0,
			   0, 0, 0, 0, 0, 0, 0, 0, 0, 0, 0,
			   0, 0, 0, 0, 0, 0, 0, 0, 0, 0, 0,
			   0, 0, 0, 0, 0, 0, 0, 0, 0, 0, 0,
			   0, 0, 0, 0, 0, 0, 0, 0, 0, 0, 0,
			   0, 0, 0, 0, 0, 0, 0, 0, 0, 0, 0,
			   0, 0, 0, 0, 0, 0, 0, 0, 0, 0, 0,
			   1, 0, 0, 0, 0, 0, 0, 0, 0, 0, 0,
			   0, 0, 0, 0, 0, 0, 0, 0, 0, 0, 0,
			   0, 0, 0, 0, 0, 0, 0, 0, 0, 0, 0,
			   0, 0, 0, 0, 0, 0, 0, 0, 0, 0, 0,
			   0, 0, 0, 0, 0, 0, 0, 0, 0, 0, 0,
			   0, 0, 0, 0, 0, 0, 0, 0, 0, 0, 0,
			   0, 0, 0, 0, 0, 0, 0, 0, 0, 0, 0,
			   0, 0, 0, 0, 0, 0, 0, 0, 0, 0, 0,
			   0, 0, 0, 0, 0, 0, 0, 0, 0, 0, 0,
			   0, 0, 0, 0, 0, 0, 0, 0, 0, 0, 0,
			   0, 0, 0, 0, 0, 0, 0, 0, 0, 0, 0,
			   0, 0, 0, 0, 0, 0, 0, 0, 0, 0, 0,
			   0, 0, 0, 0, 0, 0, 0, 0, 0, 0, 0,
			   0, 0, 0, 0, 0, 0, 0, 0, 0, 0, 0,
			   1, 0, 0, 0, 0, 0, 0, 0, 0, 0, 0,
			   0, 0, 0, 0, 0, 0, 0, 0, 0, 0, 0,
			   0, 0, 0, 0, 0, 0, 0, 0, 0, 0, 0,
			   0, 0, 0, 0, 0, 0, 0, 0, 0, 0, 0,
			   0, 0, 0, 0, 0, 0, 0, 0, 0, 0, 0,
			   0, 0, 0, 0, 0, 0, 0, 0, 0, 0, 0,
			   0, 0, 0, 0, 0, 0, 0, 0, 0, 0, 0,
			   0, 0, 0, 0, 0, 0, 0, 0, 0, 0, 0 ])
]).

============================== end of model ==========================

============================== STATISTICS ============================

For domain size 11.

Current CPU time: 0.00 seconds (total CPU time: 0.01 seconds).
Ground clauses: seen=22, kept=21.
Selections=1323, assignments=1323, propagations=21, current_models=1.
Rewrite_terms=10, rewrite_bools=21, indexes=10.
Rules_from_neg_clauses=0, cross_offs=0.

============================== end of statistics =====================

User_CPU=0.01, System_CPU=0.01, Wall_clock=0.

Exiting with 1 model.

Process 59211 exit (max_models) Tue Dec 30 00:25:53 2025
The process finished Tue Dec 30 00:25:53 2025
